[debug] [2026-07-15T17:35:09.515Z] ----------------------------------------------------------------------
[debug] [2026-07-15T17:35:09.517Z] Command:       /usr/local/share/nvm/versions/node/v24.14.0/bin/node /home/codespace/nvm/current/bin/firebase init hosting
[debug] [2026-07-15T17:35:09.518Z] CLI Version:   15.23.0
[debug] [2026-07-15T17:35:09.518Z] Platform:      linux
[debug] [2026-07-15T17:35:09.518Z] Node Version:  v24.14.0
[debug] [2026-07-15T17:35:09.518Z] Detected Agent: unknown
[debug] [2026-07-15T17:35:09.518Z] Time:          Wed Jul 15 2026 17:35:09 GMT+0000 (Coordinated Universal Time)
[debug] [2026-07-15T17:35:09.518Z] ----------------------------------------------------------------------
[debug] 
[debug] [2026-07-15T17:35:10.444Z] Object "" in "firebase.json" has unknown property: {"additionalProperty":"flutter"}
[debug] [2026-07-15T17:35:10.446Z] Object "" in "firebase.json" has unknown property: {"additionalProperty":"flutter"}
[info] 
     ######## #### ########  ######## ########     ###     ######  ########
     ##        ##  ##     ## ##       ##     ##  ##   ##  ##       ##
     ######    ##  ########  ######   ########  #########  ######  ######
     ##        ##  ##    ##  ##       ##     ## ##     ##       ## ##
     ##       #### ##     ## ######## ########  ##     ##  ######  ########

You're about to initialize a Firebase project in this directory:

  /workspaces/servicepay_app

Before we get started, keep in mind:

  * You are currently outside your home directory
  * You are initializing within an existing Firebase project directory

[info] 
=== Project Setup
[info] 
[info] First, let's associate this project directory with a Firebase project.
[info] You can create multiple project aliases by running firebase use --add, 
[info] 
[debug] [2026-07-15T17:35:10.449Z] > command requires scopes: ["email","openid","https://www.googleapis.com/auth/cloudplatformprojects.readonly","https://www.googleapis.com/auth/firebase","https://www.googleapis.com/auth/cloud-platform"]
[debug] [2026-07-15T17:35:10.449Z] > authorizing via signed-in user (yumpay1@gmail.com)
[debug] [2026-07-15T17:35:10.463Z] Checked if tokens are valid: false, expires at: 1784123626043
[debug] [2026-07-15T17:35:10.463Z] Checked if tokens are valid: false, expires at: 1784123626043
[debug] [2026-07-15T17:35:10.463Z] > refreshing access token with scopes: []
[debug] [2026-07-15T17:35:10.465Z] >>> [apiv2][query] POST https://www.googleapis.com/oauth2/v3/token [none]
[debug] [2026-07-15T17:35:10.465Z] >>> [apiv2][body] POST https://www.googleapis.com/oauth2/v3/token [omitted]
[debug] [2026-07-15T17:35:10.572Z] <<< [apiv2][status] POST https://www.googleapis.com/oauth2/v3/token 200
[debug] [2026-07-15T17:35:10.575Z] <<< [apiv2][body] POST https://www.googleapis.com/oauth2/v3/token [omitted]
[debug] [2026-07-15T17:35:10.588Z] >>> [apiv2][query] GET https://firebase.googleapis.com/v1beta1/projects/servicepay-68b17 [none]
[debug] [2026-07-15T17:35:10.925Z] <<< [apiv2][status] GET https://firebase.googleapis.com/v1beta1/projects/servicepay-68b17 200
[debug] [2026-07-15T17:35:10.925Z] <<< [apiv2][body] GET https://firebase.googleapis.com/v1beta1/projects/servicepay-68b17 {"projectId":"servicepay-68b17","projectNumber":"353659744611","displayName":"Servicepay","name":"projects/servicepay-68b17","resources":{"hostingSite":"servicepay-68b17"},"state":"ACTIVE","labels":{"firebase":"enabled"},"etag":"1_1fcf7ac4-569d-4672-9d01-f0fb464fe43c"}
[info] i  Using project servicepay-68b17 (Servicepay) . 
[info] 
=== Hosting Setup
[debug] [2026-07-15T17:35:10.947Z] Checked if tokens are valid: true, expires at: 1784140509575
[debug] [2026-07-15T17:35:10.947Z] Checked if tokens are valid: true, expires at: 1784140509575
[debug] [2026-07-15T17:35:10.947Z] >>> [apiv2][query] GET https://firebase.googleapis.com/v1beta1/projects/servicepay-68b17 [none]
[debug] [2026-07-15T17:35:11.246Z] <<< [apiv2][status] GET https://firebase.googleapis.com/v1beta1/projects/servicepay-68b17 200
[debug] [2026-07-15T17:35:11.247Z] <<< [apiv2][body] GET https://firebase.googleapis.com/v1beta1/projects/servicepay-68b17 {"projectId":"servicepay-68b17","projectNumber":"353659744611","displayName":"Servicepay","name":"projects/servicepay-68b17","resources":{"hostingSite":"servicepay-68b17"},"state":"ACTIVE","labels":{"firebase":"enabled"},"etag":"1_1fcf7ac4-569d-4672-9d01-f0fb464fe43c"}
[info] 
[info] Your public directory is the folder (relative to your project directory) that
[info] will contain Hosting assets to be uploaded with firebase deploy. If you
[info] have a build process for your assets, use your build's output directory.
[info] 
[info] 
[info] i  Detected a .git folder at /workspaces/servicepay_app 
[info] i  Authorizing with GitHub to upload your service account to a GitHub repository's secrets store. 
[info] 
[info] Visit this URL on this device to log in:
[info] https://github.com/login/oauth/authorize?client_id=89cf50f02ac6aaed3484&state=106556677&redirect_uri=http%3A%2F%2Flocalhost%3A9005&scope=read%3Auser%20repo%20public_repo
[info] 
[info] Waiting for authentication...
